make all --print-data-base --no-builtin-variables --no-builtin-rules --question
# GNU Make 3.81
# Copyright (C) 2006  Free Software Foundation, Inc.
# This is free software; see the source for copying conditions.
# There is NO warranty; not even for MERCHANTABILITY or FITNESS FOR A
# PARTICULAR PURPOSE.

# This program built for i386-apple-darwin11.3.0
 

# Make data base, printed on Mon Jun 13 15:50:13 2022

# Variables

 
# automatic
<D = $(patsubst %/,%,$(dir $<))
# automatic
?F = $(notdir $?)
# environment
VSCODE_LOG_NATIVE = false
# automatic
?D = $(patsubst %/,%,$(dir $?))
# automatic
@D = $(patsubst %/,%,$(dir $@))
# automatic
@F = $(notdir $@)
# makefile
CURDIR := /Users/nelidris/Desktop/minishell
# makefile
SHELL = /bin/sh
# environment
VSCODE_NLS_CONFIG = {"locale":"en-us","availableLanguages":{},"_languagePackSupport":true}
# environment
_ = /usr/bin/make
# makefile (from `Makefile', line 15)
CFLAGS = -Wall -Wextra -Werror -lreadline
# makefile (from `Makefile', line 1)
MAKEFILE_LIST :=  Makefile
# environment
VSCODE_VERBOSE_LOGGING = true
# environment
VSCODE_IPC_HOOK_EXTHOST = /var/folders/zz/zyxvpxvq6csfxvn_n0000hx4000479/T/vscode-ipc-476db15d-db65-4c7b-837e-14e78b675410.sock
# environment
VSCODE_CWD = /
# environment
Apple_PubSub_Socket_Render = /private/tmp/com.apple.launchd.Pv6T1URksH/Render
# environment
PATH = /usr/local/bin:/usr/bin:/bin:/usr/sbin:/sbin:/usr/local/munki:/Applications/Visual Studio Code.app/Contents/Resources/app/bin:/Users/nelidris/n/bin
# environment
LSCOLORS = Gxfxcxdxbxegedabagacad
# environment
VSCODE_LOG_STACK = false
# environment
ELECTRON_RUN_AS_NODE = 1
# default
.FEATURES := target-specific order-only second-expansion else-if archives jobserver check-symlink
# makefile (from `Makefile', line 21)
PARS_SRCS = $(PARS_PATH)/allocate_memory.c $(PARS_PATH)/error_handling.c $(PARS_PATH)/here_doc.c $(PARS_PATH)/io_redirections.c $(PARS_PATH)/io_utils.c $(PARS_PATH)/parser.c $(PARS_PATH)/parsing_split.c $(PARS_PATH)/parsing_utils.c $(PARS_PATH)/skip_alloc_utils.c $(PARS_PATH)/sub_alloc_mem.c
# environment
SSH_AUTH_SOCK = /private/tmp/com.apple.launchd.aXkuRlmvTY/Listeners
# automatic
%F = $(notdir $%)
# makefile (from `Makefile', line 17)
PARS_PATH = srcs/parsing
# environment
VSCODE_PIPE_LOGGING = true
# environment
PWD = /Users/nelidris/Desktop/minishell
# environment
ORIGINAL_XDG_CURRENT_DESKTOP = undefined
# environment
VSCODE_AMD_ENTRYPOINT = vs/workbench/api/node/extensionHostProcess
# environment
HOME = /Users/nelidris
# default
MAKEFILEPATH := /Applications/Xcode.app/Contents/Developer/Makefiles
# environment
VSCODE_CODE_CACHE_PATH = /Users/nelidris/Library/Application Support/Code/CachedData/4af164ea3a06f701fe3e89a2bcbb421d2026b68f
# environment
LOGNAME = nelidris
# environment
APPLICATION_INSIGHTS_NO_DIAGNOSTIC_CHANNEL = true
# environment
ZSH = /Users/nelidris/.oh-my-zsh
# environment
VSCODE_HANDLES_UNCAUGHT_ERRORS = true
# automatic
^D = $(patsubst %/,%,$(dir $^))
# environment
XPC_FLAGS = 0x0
# default
MAKE = $(MAKE_COMMAND)
# default
MAKECMDGOALS := all
# environment
SHLVL = 1
# makefile (from `Makefile', line 36)
LIBFT = libft/libft.a
# makefile (from `Makefile', line 13)
CC = gcc
# default
MAKE_VERSION := 3.81
# environment
USER = nelidris
# makefile
.DEFAULT_GOAL := all
# environment
N_PREFIX = /Users/nelidris/n
# makefile (from `Makefile', line 34)
NAME = minishell
# environment
LESS = -R
# automatic
%D = $(patsubst %/,%,$(dir $%))
# default
MAKE_COMMAND := /Applications/Xcode.app/Contents/Developer/usr/bin/make
# default
.VARIABLES := 
# environment
TMPDIR = /var/folders/zz/zyxvpxvq6csfxvn_n0000hx4000479/T/
# automatic
*F = $(notdir $*)
# environment
VSCODE_IPC_HOOK = /Users/nelidris/Library/Application Support/Code/1.68.0-main.sock
# makefile
MAKEFLAGS = Rrqp
# environment
MFLAGS = -Rrqp
# automatic
*D = $(patsubst %/,%,$(dir $*))
# environment
XPC_SERVICE_NAME = com.microsoft.VSCode.1184
# automatic
+D = $(patsubst %/,%,$(dir $+))
# automatic
+F = $(notdir $+)
# environment
__CF_USER_TEXT_ENCODING = 0x10E9:0:0
# default
MAKEFILES := 
# automatic
<F = $(notdir $<)
# environment
PAGER = less
# makefile (from `Makefile', line 27)
EXEC_SRCS = $(EXEC_PATH)/builtin_cmds/cd_cmd.c $(EXEC_PATH)/builtin_cmds/echo_cmd.c $(EXEC_PATH)/builtin_cmds/env_cmd.c $(EXEC_PATH)/builtin_cmds/exit_cmd.c $(EXEC_PATH)/builtin_cmds/export_cmd.c $(EXEC_PATH)/builtin_cmds/pwd_cmd.c $(EXEC_PATH)/env_handler.c $(EXEC_PATH)/exec_proc.c $(EXEC_PATH)/ptrlen.c
# environment
LC_ALL = C
# makefile (from `Makefile', line 19)
EXEC_PATH = srcs/executing
# automatic
^F = $(notdir $^)
# default
SUFFIXES := 
 
# default
.INCLUDE_DIRS = /usr/local/include
# environment
MAKELEVEL := 0
# makefile (from `Makefile', line 32)
MAIN_SRCS = main.c
# environment
LANG = C
# environment
VSCODE_PID = 6361
# variable set hash-table stats:
# Load=75/1024=7%, Rehash=0, Collisions=1/153=1%

# Pattern-specific Variable Values

# No pattern-specific variable values.

# Directories

# . (device 16777227, inode 2245207): 13 files, no impossibilities.

# 13 files, no impossibilities in 1 directories.

# Implicit Rules

# No implicit rules.

# Files

# Not a target:
srcs/parsing/skip_alloc_utils.c:
#  Implicit rule search has been done.
#  Last modified 2022-06-13 15:39:09
#  File has been updated.
#  Successfully updated.
# variable set hash-table stats:
# Load=0/32=0%, Rehash=0, Collisions=0/0=0%

all: minishell
#  Phony target (prerequisite of .PHONY).
#  Command-line target.
#  Implicit rule search has not been done.
#  File does not exist.
#  File has been updated.
#  Needs to be updated (-q is set).
# variable set hash-table stats:
# Load=0/32=0%, Rehash=0, Collisions=0/27=0%

# Not a target:
srcs/executing/ptrlen.c:
#  Implicit rule search has been done.
#  Last modified 2022-06-13 14:55:08
#  File has been updated.
#  Successfully updated.
# variable set hash-table stats:
# Load=0/32=0%, Rehash=0, Collisions=0/0=0%

.PHONY: all clean fclean bonus re
#  Implicit rule search has not been done.
#  Modification time never checked.
#  File has not been updated.

# Not a target:
srcs/executing/exec_proc.c:
#  Implicit rule search has been done.
#  Last modified 2022-06-13 15:10:16
#  File has been updated.
#  Successfully updated.
# variable set hash-table stats:
# Load=0/32=0%, Rehash=0, Collisions=0/0=0%

# Not a target:
main.c:
#  Implicit rule search has been done.
#  Last modified 2022-06-13 15:37:21
#  File has been updated.
#  Successfully updated.
# variable set hash-table stats:
# Load=0/32=0%, Rehash=0, Collisions=0/0=0%

# Not a target:
srcs/parsing/sub_alloc_mem.c:
#  Implicit rule search has been done.
#  Last modified 2022-06-13 15:39:09
#  File has been updated.
#  Successfully updated.
# variable set hash-table stats:
# Load=0/32=0%, Rehash=0, Collisions=0/0=0%

# Not a target:
.SUFFIXES:
#  Implicit rule search has not been done.
#  Modification time never checked.
#  File has not been updated.

# Not a target:
Makefile:
#  Implicit rule search has been done.
#  Last modified 2022-06-13 15:49:38
#  File has been updated.
#  Successfully updated.
# variable set hash-table stats:
# Load=0/32=0%, Rehash=0, Collisions=0/0=0%

# Not a target:
srcs/executing/env_handler.c:
#  Implicit rule search has been done.
#  Last modified 2022-06-13 14:54:48
#  File has been updated.
#  Successfully updated.
# variable set hash-table stats:
# Load=0/32=0%, Rehash=0, Collisions=0/0=0%

minishell: srcs/parsing/allocate_memory.c srcs/parsing/error_handling.c srcs/parsing/here_doc.c srcs/parsing/io_redirections.c srcs/parsing/io_utils.c srcs/parsing/parser.c srcs/parsing/parsing_split.c srcs/parsing/parsing_utils.c srcs/parsing/skip_alloc_utils.c srcs/parsing/sub_alloc_mem.c srcs/executing/builtin_cmds/cd_cmd.c srcs/executing/builtin_cmds/echo_cmd.c srcs/executing/builtin_cmds/env_cmd.c srcs/executing/builtin_cmds/exit_cmd.c srcs/executing/builtin_cmds/export_cmd.c srcs/executing/builtin_cmds/pwd_cmd.c srcs/executing/env_handler.c srcs/executing/exec_proc.c srcs/executing/ptrlen.c main.c libft/libft.a
#  Implicit rule search has not been done.
#  Implicit/static pattern stem: `'
#  File does not exist.
#  File has been updated.
#  Needs to be updated (-q is set).
# automatic
# @ := minishell
# automatic
# % := 
# automatic
# * := 
# automatic
# + := srcs/parsing/allocate_memory.c srcs/parsing/error_handling.c srcs/parsing/here_doc.c srcs/parsing/io_redirections.c srcs/parsing/io_utils.c srcs/parsing/parser.c srcs/parsing/parsing_split.c srcs/parsing/parsing_utils.c srcs/parsing/skip_alloc_utils.c srcs/parsing/sub_alloc_mem.c srcs/executing/builtin_cmds/cd_cmd.c srcs/executing/builtin_cmds/echo_cmd.c srcs/executing/builtin_cmds/env_cmd.c srcs/executing/builtin_cmds/exit_cmd.c srcs/executing/builtin_cmds/export_cmd.c srcs/executing/builtin_cmds/pwd_cmd.c srcs/executing/env_handler.c srcs/executing/exec_proc.c srcs/executing/ptrlen.c main.c libft/libft.a
# automatic
# | := 
# automatic
# < := srcs/parsing/allocate_memory.c
# automatic
# ^ := srcs/parsing/allocate_memory.c srcs/parsing/error_handling.c srcs/parsing/here_doc.c srcs/parsing/io_redirections.c srcs/parsing/io_utils.c srcs/parsing/parser.c srcs/parsing/parsing_split.c srcs/parsing/parsing_utils.c srcs/parsing/skip_alloc_utils.c srcs/parsing/sub_alloc_mem.c srcs/executing/builtin_cmds/cd_cmd.c srcs/executing/builtin_cmds/echo_cmd.c srcs/executing/builtin_cmds/env_cmd.c srcs/executing/builtin_cmds/exit_cmd.c srcs/executing/builtin_cmds/export_cmd.c srcs/executing/builtin_cmds/pwd_cmd.c srcs/executing/env_handler.c srcs/executing/exec_proc.c srcs/executing/ptrlen.c main.c libft/libft.a
# automatic
# ? := srcs/parsing/allocate_memory.c srcs/parsing/error_handling.c srcs/parsing/here_doc.c srcs/parsing/io_redirections.c srcs/parsing/io_utils.c srcs/parsing/parser.c srcs/parsing/parsing_split.c srcs/parsing/parsing_utils.c srcs/parsing/skip_alloc_utils.c srcs/parsing/sub_alloc_mem.c srcs/executing/builtin_cmds/cd_cmd.c srcs/executing/builtin_cmds/echo_cmd.c srcs/executing/builtin_cmds/env_cmd.c srcs/executing/builtin_cmds/exit_cmd.c srcs/executing/builtin_cmds/export_cmd.c srcs/executing/builtin_cmds/pwd_cmd.c srcs/executing/env_handler.c srcs/executing/exec_proc.c srcs/executing/ptrlen.c main.c libft/libft.a
# variable set hash-table stats:
# Load=8/32=25%, Rehash=0, Collisions=31/35=89%
#  commands to execute (from `Makefile', line 43):
	$(CC) $(CFLAGS) $(PARS_SRCS) $(EXEC_SRCS) $(MAIN_SRCS) $(LIBFT)  -o minishell
	

libft/libft.a:
#  Implicit rule search has not been done.
#  Last modified 2022-06-13 15:37:25
#  File has been updated.
#  Successfully updated.
#  commands to execute (from `Makefile', line 46):
	make -C libft
	

bonus:
#  Phony target (prerequisite of .PHONY).
#  Implicit rule search has not been done.
#  File does not exist.
#  File has not been updated.

fclean: clean
#  Phony target (prerequisite of .PHONY).
#  Implicit rule search has not been done.
#  File does not exist.
#  File has not been updated.
#  commands to execute (from `Makefile', line 52):
	rm -f $(NAME)
	

# Not a target:
srcs/parsing/allocate_memory.c:
#  Implicit rule search has been done.
#  Last modified 2022-06-13 15:47:32
#  File has been updated.
#  Successfully updated.
# variable set hash-table stats:
# Load=0/32=0%, Rehash=0, Collisions=0/0=0%

# Not a target:
srcs/parsing/io_utils.c:
#  Implicit rule search has been done.
#  Last modified 2022-06-13 15:39:09
#  File has been updated.
#  Successfully updated.
# variable set hash-table stats:
# Load=0/32=0%, Rehash=0, Collisions=0/0=0%

# Not a target:
srcs/executing/builtin_cmds/pwd_cmd.c:
#  Implicit rule search has been done.
#  Last modified 2022-06-13 14:54:42
#  File has been updated.
#  Successfully updated.
# variable set hash-table stats:
# Load=0/32=0%, Rehash=0, Collisions=0/0=0%

# Not a target:
srcs/parsing/error_handling.c:
#  Implicit rule search has been done.
#  Last modified 2022-06-13 15:39:09
#  File has been updated.
#  Successfully updated.
# variable set hash-table stats:
# Load=0/32=0%, Rehash=0, Collisions=0/0=0%

# Not a target:
srcs/executing/builtin_cmds/cd_cmd.c:
#  Implicit rule search has been done.
#  Last modified 2022-06-13 14:54:14
#  File has been updated.
#  Successfully updated.
# variable set hash-table stats:
# Load=0/32=0%, Rehash=0, Collisions=0/0=0%

# Not a target:
srcs/parsing/io_redirections.c:
#  Implicit rule search has been done.
#  Last modified 2022-06-13 15:39:09
#  File has been updated.
#  Successfully updated.
# variable set hash-table stats:
# Load=0/32=0%, Rehash=0, Collisions=0/0=0%

# Not a target:
.DEFAULT:
#  Implicit rule search has not been done.
#  Modification time never checked.
#  File has not been updated.

# Not a target:
srcs/executing/builtin_cmds/echo_cmd.c:
#  Implicit rule search has been done.
 
#  Last modified 2022-06-13 14:54:30
#  File has been updated.
#  Successfully updated.
# variable set hash-table stats:
# Load=0/32=0%, Rehash=0, Collisions=0/0=0%

# Not a target:
srcs/parsing/parsing_split.c:
#  Implicit rule search has been done.
#  Last modified 2022-06-13 15:42:54
#  File has been updated.
#  Successfully updated.
# variable set hash-table stats:
# Load=0/32=0%, Rehash=0, Collisions=0/0=0%

# Not a target:
srcs/executing/builtin_cmds/export_cmd.c:
#  Implicit rule search has been done.
#  Last modified 2022-06-13 15:09:12
#  File has been updated.
#  Successfully updated.
# variable set hash-table stats:
# Load=0/32=0%, Rehash=0, Collisions=0/0=0%

re: fclean all
#  Phony target (prerequisite of .PHONY).
#  Implicit rule search has not been done.
#  File does not exist.
#  File has not been updated.

# Not a target:
srcs/parsing/here_doc.c:
#  Implicit rule search has been done.
#  Last modified 2022-06-13 15:39:09
#  File has been updated.
#  Successfully updated.
# variable set hash-table stats:
# Load=0/32=0%, Rehash=0, Collisions=0/0=0%

clean:
#  Phony target (prerequisite of .PHONY).
#  Implicit rule search has not been done.
#  File does not exist.
#  File has not been updated.
#  commands to execute (from `Makefile', line 49):
	make fclean -C libft/
	

# Not a target:
srcs/parsing/parsing_utils.c:
#  Implicit rule search has been done.
#  Last modified 2022-06-13 15:39:09
#  File has been updated.
#  Successfully updated.
# variable set hash-table stats:
# Load=0/32=0%, Rehash=0, Collisions=0/0=0%

# Not a target:
srcs/parsing/parser.c:
#  Implicit rule search has been done.
#  Last modified 2022-06-13 15:39:09
#  File has been updated.
#  Successfully updated.
# variable set hash-table stats:
# Load=0/32=0%, Rehash=0, Collisions=0/0=0%

# Not a target:
srcs/executing/builtin_cmds/env_cmd.c:
#  Implicit rule search has been done.
#  Last modified 2022-06-13 14:54:32
#  File has been updated.
#  Successfully updated.
# variable set hash-table stats:
# Load=0/32=0%, Rehash=0, Collisions=0/0=0%

# Not a target:
srcs/executing/builtin_cmds/exit_cmd.c:
#  Implicit rule search has been done.
#  Last modified 2022-06-13 14:54:34
#  File has been updated.
#  Successfully updated.
# variable set hash-table stats:
# Load=0/32=0%, Rehash=0, Collisions=0/0=0%

# files hash-table stats:
# Load=31/1024=3%, Rehash=0, Collisions=0/75=0%
# VPATH Search Paths

# No `vpath' search paths.

# No general (`VPATH' variable) search path.

# # of strings in strcache: 1
# # of strcache buffers: 1
# strcache size: total = 4096 / max = 4096 / min = 4096 / avg = 4096
# strcache free: total = 4087 / max = 4087 / min = 4087 / avg = 4087

# Finished Make data base on Mon Jun 13 15:50:13 2022

 
